Using pre-set license
Built from '2020.3/staging' branch; Version is '2020.3.5f1 (8095aa901b9b) revision 8426922'; Using compiler version '192528614'; Build Type 'Release'
OS: 'Windows 10 Home; OS build 19041.928; Version 2004; 64bit' Language: 'en' Physical Memory: 16253 MB
BatchMode: 1, IsHumanControllingUs: 0, StartBugReporterOnCrash: 0, Is64bit: 1, IsPro: 0

 COMMAND LINE ARGUMENTS:
C:\Program Files\Unity\Hub\Editor\2020.3.5f1\Editor\Unity.exe
-adb2
-batchMode
-noUpm
-name
AssetImportWorker0
-projectPath
C:/Users/danny/Action RPG
-logFile
Logs/AssetImportWorker0.log
-srvPort
51348
Successfully changed project path to: C:/Users/danny/Action RPG
C:/Users/danny/Action RPG
Using Asset Import Pipeline V2.
Refreshing native plugins compatible for Editor in 45.45 ms, found 1 plugins.
Preloading 0 native plugins for Editor in 0.00 ms.
Initialize engine version: 2020.3.5f1 (8095aa901b9b)
[Subsystems] Discovering subsystems at path C:/Program Files/Unity/Hub/Editor/2020.3.5f1/Editor/Data/Resources/UnitySubsystems
[Subsystems] Discovering subsystems at path C:/Users/danny/Action RPG/Assets
GfxDevice: creating device client; threaded=0
Direct3D:
    Version:  Direct3D 11.0 [level 11.1]
    Renderer: NVIDIA GeForce GTX 1660 Ti (ID=0x2191)
    Vendor:   
    VRAM:     5991 MB
    Driver:   27.21.14.5256
Initialize mono
Mono path[0] = 'C:/Program Files/Unity/Hub/Editor/2020.3.5f1/Editor/Data/Managed'
Mono path[1] = 'C:/Program Files/Unity/Hub/Editor/2020.3.5f1/Editor/Data/MonoBleedingEdge/lib/mono/unityjit'
Mono config path = 'C:/Program Files/Unity/Hub/Editor/2020.3.5f1/Editor/Data/MonoBleedingEdge/etc'
Using monoOptions --debugger-agent=transport=dt_socket,embedding=1,server=y,suspend=n,address=127.0.0.1:56440
Begin MonoManager ReloadAssembly
Registering precompiled unity dll's ...
Register platform support module: C:/Program Files/Unity/Hub/Editor/2020.3.5f1/Editor/Data/PlaybackEngines/WindowsStandaloneSupport/UnityEditor.WindowsStandalone.Extensions.dll
Registered in 0.002031 seconds.
Native extension for WindowsStandalone target not found
Refreshing native plugins compatible for Editor in 48.53 ms, found 1 plugins.
Preloading 0 native plugins for Editor in 0.00 ms.
Mono: successfully reloaded assembly
- Completed reload, in  0.967 seconds
Platform modules already initialized, skipping
Registering precompiled user dll's ...
Registered in 0.001243 seconds.
Begin MonoManager ReloadAssembly
Native extension for WindowsStandalone target not found
Refreshing native plugins compatible for Editor in 45.90 ms, found 1 plugins.
Preloading 0 native plugins for Editor in 0.00 ms.
Mono: successfully reloaded assembly
- Completed reload, in  0.807 seconds
Platform modules already initialized, skipping
========================================================================
Worker process is ready to serve import requests
Launched and connected shader compiler UnityShaderCompiler.exe after 0.05 seconds
Refreshing native plugins compatible for Editor in 0.58 ms, found 1 plugins.
Preloading 0 native plugins for Editor in 0.00 ms.
Unloading 1808 Unused Serialized files (Serialized files now loaded: 0)
System memory in use before: 84.8 MB.
System memory in use after: 84.8 MB.

Unloading 24 unused Assets to reduce memory usage. Loaded Objects now: 2250.
Total: 2.363600 ms (FindLiveObjects: 0.219900 ms CreateObjectMapping: 0.040800 ms MarkObjects: 1.983600 ms  DeleteObjects: 0.117800 ms)

========================================================================
Received Import Request.
  path: Assets/_Udemy ARPG Assets
  artifactKey: Guid(5028e465f94e1fb498b3174511f3448f) Importer(815301076,1909f56bfc062723c751e8b465ee728b)
Start importing Assets/_Udemy ARPG Assets using Guid(5028e465f94e1fb498b3174511f3448f) Importer(815301076,1909f56bfc062723c751e8b465ee728b)  -> (artifact id: 'b37c2de906162b3bad266c18089d6afd') in 0.005724 seconds
  Import took 0.008861 seconds .

========================================================================
Received Import Request.
  Time since last request: 5.263215 seconds.
  path: Assets/_Udemy ARPG Assets/Art
  artifactKey: Guid(0d55911606403734ca281782134365cd) Importer(815301076,1909f56bfc062723c751e8b465ee728b)
Start importing Assets/_Udemy ARPG Assets/Art using Guid(0d55911606403734ca281782134365cd) Importer(815301076,1909f56bfc062723c751e8b465ee728b)  -> (artifact id: '58e6289a78b150ac0a045e4cddd7d416') in 0.003594 seconds
  Import took 0.006732 seconds .

========================================================================
Received Import Request.
  Time since last request: 2.939019 seconds.
  path: Assets/_Udemy ARPG Assets/Fonts
  artifactKey: Guid(fe510f5d7af3e644f96d1eacf367d7f0) Importer(815301076,1909f56bfc062723c751e8b465ee728b)
Start importing Assets/_Udemy ARPG Assets/Fonts using Guid(fe510f5d7af3e644f96d1eacf367d7f0) Importer(815301076,1909f56bfc062723c751e8b465ee728b)  -> (artifact id: '1f15761466ef9f66de9772b543b4bf32') in 0.008363 seconds
  Import took 0.011124 seconds .

========================================================================
Received Import Request.
  Time since last request: 14.539564 seconds.
  path: Assets/Scene
  artifactKey: Guid(42c6081de13fc2a43bcbb5838bf0eb5c) Importer(815301076,1909f56bfc062723c751e8b465ee728b)
Start importing Assets/Scene using Guid(42c6081de13fc2a43bcbb5838bf0eb5c) Importer(815301076,1909f56bfc062723c751e8b465ee728b)  -> (artifact id: '2ffc0aa21f0fb4e33d39ea58b95384d6') in 0.003184 seconds
  Import took 0.005944 seconds .

========================================================================
Received Import Request.
  Time since last request: 1.170552 seconds.
  path: Assets/Scene/Overworld.unity
  artifactKey: Guid(826b39e4d31db2843aa06ddde2867545) Importer(815301076,1909f56bfc062723c751e8b465ee728b)
Start importing Assets/Scene/Overworld.unity using Guid(826b39e4d31db2843aa06ddde2867545) Importer(815301076,1909f56bfc062723c751e8b465ee728b)  -> (artifact id: '06c370d87738bb70fdef8c6cbfa3edde') in 0.008783 seconds
  Import took 0.011456 seconds .

========================================================================
Received Import Request.
  Time since last request: 0.000440 seconds.
  path: Assets/Scene/Overworld.unity
  artifactKey: Guid(826b39e4d31db2843aa06ddde2867545) Importer(815301076,1909f56bfc062723c751e8b465ee728b)
Start importing Assets/Scene/Overworld.unity using Guid(826b39e4d31db2843aa06ddde2867545) Importer(815301076,1909f56bfc062723c751e8b465ee728b)  -> (artifact id: '06c370d87738bb70fdef8c6cbfa3edde') in 0.002573 seconds
  Import took 0.005191 seconds .

========================================================================
Received Prepare
Registering precompiled user dll's ...
Registered in 0.001177 seconds.
Begin MonoManager ReloadAssembly
Native extension for WindowsStandalone target not found
Refreshing native plugins compatible for Editor in 0.52 ms, found 1 plugins.
Preloading 0 native plugins for Editor in 0.00 ms.
Mono: successfully reloaded assembly
- Completed reload, in  0.716 seconds
Platform modules already initialized, skipping
Refreshing native plugins compatible for Editor in 0.51 ms, found 1 plugins.
Preloading 0 native plugins for Editor in 0.00 ms.
Unloading 1803 Unused Serialized files (Serialized files now loaded: 0)
System memory in use before: 84.8 MB.
System memory in use after: 84.8 MB.

Unloading 12 unused Assets to reduce memory usage. Loaded Objects now: 2254.
Total: 3.030700 ms (FindLiveObjects: 0.316700 ms CreateObjectMapping: 0.116500 ms MarkObjects: 2.486300 ms  DeleteObjects: 0.109500 ms)

========================================================================
Received Prepare
Registering precompiled user dll's ...
Registered in 0.001235 seconds.
Begin MonoManager ReloadAssembly
Native extension for WindowsStandalone target not found
Refreshing native plugins compatible for Editor in 0.55 ms, found 1 plugins.
Preloading 0 native plugins for Editor in 0.00 ms.
Mono: successfully reloaded assembly
- Completed reload, in  0.730 seconds
Platform modules already initialized, skipping
Refreshing native plugins compatible for Editor in 0.51 ms, found 1 plugins.
Preloading 0 native plugins for Editor in 0.00 ms.
Unloading 1803 Unused Serialized files (Serialized files now loaded: 0)
System memory in use before: 84.8 MB.
System memory in use after: 84.8 MB.

Unloading 12 unused Assets to reduce memory usage. Loaded Objects now: 2258.
Total: 1.911500 ms (FindLiveObjects: 0.295900 ms CreateObjectMapping: 0.046400 ms MarkObjects: 1.432300 ms  DeleteObjects: 0.135300 ms)

========================================================================
Received Prepare
Registering precompiled user dll's ...
Registered in 0.001219 seconds.
Begin MonoManager ReloadAssembly
Native extension for WindowsStandalone target not found
Refreshing native plugins compatible for Editor in 0.52 ms, found 1 plugins.
Preloading 0 native plugins for Editor in 0.00 ms.
Mono: successfully reloaded assembly
- Completed reload, in  0.707 seconds
Platform modules already initialized, skipping
Refreshing native plugins compatible for Editor in 0.54 ms, found 1 plugins.
Preloading 0 native plugins for Editor in 0.00 ms.
Unloading 1803 Unused Serialized files (Serialized files now loaded: 0)
System memory in use before: 84.8 MB.
System memory in use after: 84.8 MB.

Unloading 12 unused Assets to reduce memory usage. Loaded Objects now: 2262.
Total: 2.458600 ms (FindLiveObjects: 0.206800 ms CreateObjectMapping: 0.040100 ms MarkObjects: 2.101700 ms  DeleteObjects: 0.108300 ms)

========================================================================
Received Prepare
Registering precompiled user dll's ...
Registered in 0.001298 seconds.
Begin MonoManager ReloadAssembly
Native extension for WindowsStandalone target not found
Refreshing native plugins compatible for Editor in 0.51 ms, found 1 plugins.
Preloading 0 native plugins for Editor in 0.00 ms.
Mono: successfully reloaded assembly
- Completed reload, in  0.730 seconds
Platform modules already initialized, skipping
Refreshing native plugins compatible for Editor in 0.52 ms, found 1 plugins.
Preloading 0 native plugins for Editor in 0.00 ms.
Unloading 1803 Unused Serialized files (Serialized files now loaded: 0)
System memory in use before: 84.9 MB.
System memory in use after: 84.9 MB.

Unloading 12 unused Assets to reduce memory usage. Loaded Objects now: 2266.
Total: 2.570600 ms (FindLiveObjects: 0.237100 ms CreateObjectMapping: 0.042500 ms MarkObjects: 2.169500 ms  DeleteObjects: 0.120100 ms)

========================================================================
Received Prepare
Registering precompiled user dll's ...
Registered in 0.001168 seconds.
Begin MonoManager ReloadAssembly
Native extension for WindowsStandalone target not found
Refreshing native plugins compatible for Editor in 0.59 ms, found 1 plugins.
Preloading 0 native plugins for Editor in 0.00 ms.
Mono: successfully reloaded assembly
- Completed reload, in  0.701 seconds
Platform modules already initialized, skipping
Refreshing native plugins compatible for Editor in 0.51 ms, found 1 plugins.
Preloading 0 native plugins for Editor in 0.00 ms.
Unloading 1803 Unused Serialized files (Serialized files now loaded: 0)
System memory in use before: 84.9 MB.
System memory in use after: 84.9 MB.

Unloading 12 unused Assets to reduce memory usage. Loaded Objects now: 2270.
Total: 2.318600 ms (FindLiveObjects: 0.194400 ms CreateObjectMapping: 0.038900 ms MarkObjects: 1.968300 ms  DeleteObjects: 0.115200 ms)

========================================================================
Received Prepare
Registering precompiled user dll's ...
Registered in 0.001992 seconds.
Begin MonoManager ReloadAssembly
Native extension for WindowsStandalone target not found
Refreshing native plugins compatible for Editor in 0.54 ms, found 1 plugins.
Preloading 0 native plugins for Editor in 0.00 ms.
Mono: successfully reloaded assembly
- Completed reload, in  0.736 seconds
Platform modules already initialized, skipping
Refreshing native plugins compatible for Editor in 0.57 ms, found 1 plugins.
Preloading 0 native plugins for Editor in 0.00 ms.
Unloading 1803 Unused Serialized files (Serialized files now loaded: 0)
System memory in use before: 84.9 MB.
System memory in use after: 84.9 MB.

Unloading 12 unused Assets to reduce memory usage. Loaded Objects now: 2274.
Total: 2.669700 ms (FindLiveObjects: 0.226200 ms CreateObjectMapping: 0.041500 ms MarkObjects: 2.262400 ms  DeleteObjects: 0.138200 ms)

========================================================================
Received Prepare
Registering precompiled user dll's ...
Registered in 0.002707 seconds.
Begin MonoManager ReloadAssembly
Native extension for WindowsStandalone target not found
Refreshing native plugins compatible for Editor in 0.58 ms, found 1 plugins.
Preloading 0 native plugins for Editor in 0.00 ms.
Mono: successfully reloaded assembly
- Completed reload, in  0.836 seconds
Platform modules already initialized, skipping
Refreshing native plugins compatible for Editor in 0.58 ms, found 1 plugins.
Preloading 0 native plugins for Editor in 0.00 ms.
Unloading 1803 Unused Serialized files (Serialized files now loaded: 0)
System memory in use before: 84.9 MB.
System memory in use after: 84.9 MB.

Unloading 12 unused Assets to reduce memory usage. Loaded Objects now: 2278.
Total: 2.398600 ms (FindLiveObjects: 0.224000 ms CreateObjectMapping: 0.039700 ms MarkObjects: 1.993000 ms  DeleteObjects: 0.140100 ms)

========================================================================
Received Import Request.
  Time since last request: 658942.887406 seconds.
  path: Assets/Art/Items.png
  artifactKey: Guid(7613a4a617b1ad34892d0b6c6718d508) Importer(815301076,1909f56bfc062723c751e8b465ee728b)
Start importing Assets/Art/Items.png using Guid(7613a4a617b1ad34892d0b6c6718d508) Importer(815301076,1909f56bfc062723c751e8b465ee728b)  -> (artifact id: '0fec93fab0209daf16e2e7cc1a74a19f') in 0.223341 seconds
  Import took 0.227345 seconds .

========================================================================
Received Import Request.
  Time since last request: 0.000245 seconds.
  path: Assets/Art/Sprites.png
  artifactKey: Guid(631c97b7853145942868585d747cd139) Importer(815301076,1909f56bfc062723c751e8b465ee728b)
Start importing Assets/Art/Sprites.png using Guid(631c97b7853145942868585d747cd139) Importer(815301076,1909f56bfc062723c751e8b465ee728b)  -> (artifact id: '7b19df60068b3f6cddf0ce1ca14fe56a') in 0.105463 seconds
  Import took 0.109033 seconds .

========================================================================
Received Import Request.
  Time since last request: 0.000247 seconds.
  path: Assets/Art/Items.png
  artifactKey: Guid(7613a4a617b1ad34892d0b6c6718d508) Importer(815301076,1909f56bfc062723c751e8b465ee728b)
Start importing Assets/Art/Items.png using Guid(7613a4a617b1ad34892d0b6c6718d508) Importer(815301076,1909f56bfc062723c751e8b465ee728b)  -> (artifact id: '0fec93fab0209daf16e2e7cc1a74a19f') in 0.018111 seconds
  Import took 0.021216 seconds .

========================================================================
Received Import Request.
  Time since last request: 1.178415 seconds.
  path: Assets/Art/Character
  artifactKey: Guid(3dbdcb7a492922145b701b86e4e7472f) Importer(815301076,1909f56bfc062723c751e8b465ee728b)
Start importing Assets/Art/Character using Guid(3dbdcb7a492922145b701b86e4e7472f) Importer(815301076,1909f56bfc062723c751e8b465ee728b)  -> (artifact id: '0526f3ed1ab7dd87555b0678c3c8a74c') in 0.003256 seconds
  Import took 0.006427 seconds .

========================================================================
Received Import Request.
  Time since last request: 0.008878 seconds.
  path: Assets/Art/Character
  artifactKey: Guid(3dbdcb7a492922145b701b86e4e7472f) Importer(815301076,1909f56bfc062723c751e8b465ee728b)
Start importing Assets/Art/Character using Guid(3dbdcb7a492922145b701b86e4e7472f) Importer(815301076,1909f56bfc062723c751e8b465ee728b)  -> (artifact id: '0526f3ed1ab7dd87555b0678c3c8a74c') in 0.002445 seconds
  Import took 0.005283 seconds .

========================================================================
Received Import Request.
  Time since last request: 0.022618 seconds.
  path: Assets/Art/Character/NPC.png
  artifactKey: Guid(c25ba3653b932234eb497d7970ab030c) Importer(815301076,1909f56bfc062723c751e8b465ee728b)
Start importing Assets/Art/Character/NPC.png using Guid(c25ba3653b932234eb497d7970ab030c) Importer(815301076,1909f56bfc062723c751e8b465ee728b)  -> (artifact id: '3d86147b29ac59daeb6c9933564c770e') in 0.048865 seconds
  Import took 0.052315 seconds .

========================================================================
Received Import Request.
  Time since last request: 0.000214 seconds.
  path: Assets/Art/Character/Player_Down.png
  artifactKey: Guid(12ff971a94504e64b972d3df8684bc9d) Importer(815301076,1909f56bfc062723c751e8b465ee728b)
Start importing Assets/Art/Character/Player_Down.png using Guid(12ff971a94504e64b972d3df8684bc9d) Importer(815301076,1909f56bfc062723c751e8b465ee728b)  -> (artifact id: '909b8b1839d5b9cc856b4deece1a8689') in 0.013353 seconds
  Import took 0.016880 seconds .

========================================================================
Received Import Request.
  Time since last request: 0.000225 seconds.
  path: Assets/Art/Character/Player_Side.png
  artifactKey: Guid(96cc55856354e7d4a82c7933a5b84e0d) Importer(815301076,1909f56bfc062723c751e8b465ee728b)
Start importing Assets/Art/Character/Player_Side.png using Guid(96cc55856354e7d4a82c7933a5b84e0d) Importer(815301076,1909f56bfc062723c751e8b465ee728b)  -> (artifact id: 'aab3e0fa499766ded13fb62d359c3063') in 0.016447 seconds
  Import took 0.019664 seconds .

========================================================================
Received Import Request.
  Time since last request: 0.000175 seconds.
  path: Assets/Art/Character/Player_Up.png
  artifactKey: Guid(0a55318f321810a45b36835f9e397df5) Importer(815301076,1909f56bfc062723c751e8b465ee728b)
Start importing Assets/Art/Character/Player_Up.png using Guid(0a55318f321810a45b36835f9e397df5) Importer(815301076,1909f56bfc062723c751e8b465ee728b)  -> (artifact id: '0d9e2543cbb42a7cd93f737a27d6abd3') in 0.011550 seconds
  Import took 0.014214 seconds .

========================================================================
Received Import Request.
  Time since last request: 82.947163 seconds.
  path: Assets/Art/Character/Player_Down.png
  artifactKey: Guid(12ff971a94504e64b972d3df8684bc9d) Importer(815301076,1909f56bfc062723c751e8b465ee728b)
Start importing Assets/Art/Character/Player_Down.png using Guid(12ff971a94504e64b972d3df8684bc9d) Importer(815301076,1909f56bfc062723c751e8b465ee728b)  -> (artifact id: '0d283beb6502cf5df7836a21a5759c52') in 0.008956 seconds
  Import took 0.012031 seconds .

========================================================================
Received Import Request.
  Time since last request: 0.008574 seconds.
  path: Assets/Art/Character/Player_Down.png
  artifactKey: Guid(12ff971a94504e64b972d3df8684bc9d) Importer(815301076,1909f56bfc062723c751e8b465ee728b)
Start importing Assets/Art/Character/Player_Down.png using Guid(12ff971a94504e64b972d3df8684bc9d) Importer(815301076,1909f56bfc062723c751e8b465ee728b)  -> (artifact id: '0d283beb6502cf5df7836a21a5759c52') in 0.024696 seconds
  Import took 0.027365 seconds .

========================================================================
Received Import Request.
  Time since last request: 18.409336 seconds.
  path: Assets/Art/Character/Player_Side.png
  artifactKey: Guid(96cc55856354e7d4a82c7933a5b84e0d) Importer(815301076,1909f56bfc062723c751e8b465ee728b)
Start importing Assets/Art/Character/Player_Side.png using Guid(96cc55856354e7d4a82c7933a5b84e0d) Importer(815301076,1909f56bfc062723c751e8b465ee728b)  -> (artifact id: 'e1515680b67a5b3f460627d55c30bcc7') in 0.012752 seconds
  Import took 0.015780 seconds .

========================================================================
Received Import Request.
  Time since last request: 0.006248 seconds.
  path: Assets/Art/Character/Player_Side.png
  artifactKey: Guid(96cc55856354e7d4a82c7933a5b84e0d) Importer(815301076,1909f56bfc062723c751e8b465ee728b)
Start importing Assets/Art/Character/Player_Side.png using Guid(96cc55856354e7d4a82c7933a5b84e0d) Importer(815301076,1909f56bfc062723c751e8b465ee728b)  -> (artifact id: 'e1515680b67a5b3f460627d55c30bcc7') in 0.010374 seconds
  Import took 0.013021 seconds .

========================================================================
Received Import Request.
  Time since last request: 0.000327 seconds.
  path: Assets/Art/Character/Player_Up.png
  artifactKey: Guid(0a55318f321810a45b36835f9e397df5) Importer(815301076,1909f56bfc062723c751e8b465ee728b)
Start importing Assets/Art/Character/Player_Up.png using Guid(0a55318f321810a45b36835f9e397df5) Importer(815301076,1909f56bfc062723c751e8b465ee728b)  -> (artifact id: '052f68ec4970dc1d903e9603e77e2b87') in 0.016363 seconds
  Import took 0.019565 seconds .

========================================================================
Received Import Request.
  Time since last request: 124.615076 seconds.
  path: ProjectSettings/TagManager.asset
  artifactKey: Guid(00000000000000003000000000000000) Importer(815301076,1909f56bfc062723c751e8b465ee728b)
Start importing ProjectSettings/TagManager.asset using Guid(00000000000000003000000000000000) Importer(815301076,1909f56bfc062723c751e8b465ee728b)  -> (artifact id: '1c037ca2c5e51484f479ce63818a6327') in 0.008202 seconds
  Import took 0.011514 seconds .

========================================================================
Received Import Request.
  Time since last request: 6558.958476 seconds.
  path: Assets
  artifactKey: Guid(00000000000000001000000000000000) Importer(815301076,1909f56bfc062723c751e8b465ee728b)
Start importing Assets using Guid(00000000000000001000000000000000) Importer(815301076,1909f56bfc062723c751e8b465ee728b)  -> (artifact id: 'e4856052512617ee48189cf1d7999900') in 0.003628 seconds
  Import took 0.006822 seconds .

========================================================================
Received Import Request.
  Time since last request: 10.702835 seconds.
  path: Assets/Scripts
  artifactKey: Guid(3d64100a9e9118f4a8b7dadb86121c1d) Importer(815301076,1909f56bfc062723c751e8b465ee728b)
Start importing Assets/Scripts using Guid(3d64100a9e9118f4a8b7dadb86121c1d) Importer(815301076,1909f56bfc062723c751e8b465ee728b)  -> (artifact id: 'eaf9cf57746436c41b50257057cef6c3') in 0.003018 seconds
  Import took 0.006241 seconds .

========================================================================
Received Import Request.
  Time since last request: 16.294414 seconds.
  path: Assets/Scripts/PlayerController.cs
  artifactKey: Guid(7f2139c3d9b289d449a3b5ac05da4ea3) Importer(815301076,1909f56bfc062723c751e8b465ee728b)
Start importing Assets/Scripts/PlayerController.cs using Guid(7f2139c3d9b289d449a3b5ac05da4ea3) Importer(815301076,1909f56bfc062723c751e8b465ee728b)  -> (artifact id: '6d16ec6cbbd965b5df490f2f70b59ed1') in 0.021765 seconds
  Import took 0.024852 seconds .

========================================================================
Received Prepare
Registering precompiled user dll's ...
Registered in 0.001252 seconds.
Begin MonoManager ReloadAssembly
Native extension for WindowsStandalone target not found
Refreshing native plugins compatible for Editor in 0.52 ms, found 1 plugins.
Preloading 0 native plugins for Editor in 0.00 ms.
Mono: successfully reloaded assembly
- Completed reload, in  0.720 seconds
Platform modules already initialized, skipping
Refreshing native plugins compatible for Editor in 0.51 ms, found 1 plugins.
Preloading 0 native plugins for Editor in 0.00 ms.
Unloading 1804 Unused Serialized files (Serialized files now loaded: 0)
System memory in use before: 88.1 MB.
System memory in use after: 88.0 MB.

Unloading 13 unused Assets to reduce memory usage. Loaded Objects now: 2297.
Total: 2.019900 ms (FindLiveObjects: 0.261900 ms CreateObjectMapping: 0.077700 ms MarkObjects: 1.556000 ms  DeleteObjects: 0.122800 ms)

========================================================================
Received Prepare
Registering precompiled user dll's ...
Registered in 0.001174 seconds.
Begin MonoManager ReloadAssembly
Native extension for WindowsStandalone target not found
Refreshing native plugins compatible for Editor in 0.55 ms, found 1 plugins.
Preloading 0 native plugins for Editor in 0.00 ms.
Mono: successfully reloaded assembly
- Completed reload, in  0.725 seconds
Platform modules already initialized, skipping
Refreshing native plugins compatible for Editor in 0.56 ms, found 1 plugins.
Preloading 0 native plugins for Editor in 0.00 ms.
Unloading 1804 Unused Serialized files (Serialized files now loaded: 0)
System memory in use before: 88.1 MB.
System memory in use after: 88.0 MB.

Unloading 12 unused Assets to reduce memory usage. Loaded Objects now: 2301.
Total: 2.215000 ms (FindLiveObjects: 0.268200 ms CreateObjectMapping: 0.093700 ms MarkObjects: 1.743500 ms  DeleteObjects: 0.107500 ms)

========================================================================
Received Import Request.
  Time since last request: 457.919537 seconds.
  path: Assets/Scripts/PlayerController.cs
  artifactKey: Guid(7f2139c3d9b289d449a3b5ac05da4ea3) Importer(815301076,1909f56bfc062723c751e8b465ee728b)
Start importing Assets/Scripts/PlayerController.cs using Guid(7f2139c3d9b289d449a3b5ac05da4ea3) Importer(815301076,1909f56bfc062723c751e8b465ee728b)  -> (artifact id: '187d72fdad90596f2265ed4ac4fce300') in 0.004810 seconds
  Import took 0.013784 seconds .

========================================================================
Received Prepare
Registering precompiled user dll's ...
Registered in 0.001222 seconds.
Begin MonoManager ReloadAssembly
Native extension for WindowsStandalone target not found
Refreshing native plugins compatible for Editor in 0.53 ms, found 1 plugins.
Preloading 0 native plugins for Editor in 0.00 ms.
Mono: successfully reloaded assembly
- Completed reload, in  0.715 seconds
Platform modules already initialized, skipping
Refreshing native plugins compatible for Editor in 0.51 ms, found 1 plugins.
Preloading 0 native plugins for Editor in 0.00 ms.
Unloading 1804 Unused Serialized files (Serialized files now loaded: 0)
System memory in use before: 88.1 MB.
System memory in use after: 88.1 MB.

Unloading 12 unused Assets to reduce memory usage. Loaded Objects now: 2305.
Total: 2.383400 ms (FindLiveObjects: 0.274200 ms CreateObjectMapping: 0.081800 ms MarkObjects: 1.917700 ms  DeleteObjects: 0.108200 ms)

========================================================================
Received Prepare
Registering precompiled user dll's ...
Registered in 0.001232 seconds.
Begin MonoManager ReloadAssembly
Native extension for WindowsStandalone target not found
Refreshing native plugins compatible for Editor in 0.51 ms, found 1 plugins.
Preloading 0 native plugins for Editor in 0.00 ms.
Mono: successfully reloaded assembly
- Completed reload, in  0.737 seconds
Platform modules already initialized, skipping
Refreshing native plugins compatible for Editor in 0.51 ms, found 1 plugins.
Preloading 0 native plugins for Editor in 0.00 ms.
Unloading 1804 Unused Serialized files (Serialized files now loaded: 0)
System memory in use before: 88.1 MB.
System memory in use after: 88.1 MB.

Unloading 12 unused Assets to reduce memory usage. Loaded Objects now: 2309.
Total: 2.483200 ms (FindLiveObjects: 0.265600 ms CreateObjectMapping: 0.073400 ms MarkObjects: 2.036600 ms  DeleteObjects: 0.106200 ms)

========================================================================
Received Prepare
Registering precompiled user dll's ...
Registered in 0.001346 seconds.
Begin MonoManager ReloadAssembly
Native extension for WindowsStandalone target not found
Refreshing native plugins compatible for Editor in 0.53 ms, found 1 plugins.
Preloading 0 native plugins for Editor in 0.00 ms.
Mono: successfully reloaded assembly
- Completed reload, in  0.703 seconds
Platform modules already initialized, skipping
Refreshing native plugins compatible for Editor in 0.52 ms, found 1 plugins.
Preloading 0 native plugins for Editor in 0.00 ms.
Unloading 1804 Unused Serialized files (Serialized files now loaded: 0)
System memory in use before: 88.1 MB.
System memory in use after: 88.1 MB.

Unloading 12 unused Assets to reduce memory usage. Loaded Objects now: 2313.
Total: 1.857400 ms (FindLiveObjects: 0.197700 ms CreateObjectMapping: 0.038100 ms MarkObjects: 1.511200 ms  DeleteObjects: 0.109200 ms)

========================================================================
Received Prepare
Registering precompiled user dll's ...
Registered in 0.001301 seconds.
Begin MonoManager ReloadAssembly
Native extension for WindowsStandalone target not found
Refreshing native plugins compatible for Editor in 0.54 ms, found 1 plugins.
Preloading 0 native plugins for Editor in 0.00 ms.
Mono: successfully reloaded assembly
- Completed reload, in  0.718 seconds
Platform modules already initialized, skipping
Refreshing native plugins compatible for Editor in 0.58 ms, found 1 plugins.
Preloading 0 native plugins for Editor in 0.00 ms.
Unloading 1804 Unused Serialized files (Serialized files now loaded: 0)
System memory in use before: 88.1 MB.
System memory in use after: 88.1 MB.

Unloading 12 unused Assets to reduce memory usage. Loaded Objects now: 2317.
Total: 2.700900 ms (FindLiveObjects: 0.272800 ms CreateObjectMapping: 0.074800 ms MarkObjects: 2.237700 ms  DeleteObjects: 0.113500 ms)

========================================================================
Received Prepare
Registering precompiled user dll's ...
Registered in 0.001221 seconds.
Begin MonoManager ReloadAssembly
Native extension for WindowsStandalone target not found
Refreshing native plugins compatible for Editor in 0.51 ms, found 1 plugins.
Preloading 0 native plugins for Editor in 0.00 ms.
Mono: successfully reloaded assembly
- Completed reload, in  0.711 seconds
Platform modules already initialized, skipping
Refreshing native plugins compatible for Editor in 0.50 ms, found 1 plugins.
Preloading 0 native plugins for Editor in 0.00 ms.
Unloading 1804 Unused Serialized files (Serialized files now loaded: 0)
System memory in use before: 88.1 MB.
System memory in use after: 88.1 MB.

Unloading 12 unused Assets to reduce memory usage. Loaded Objects now: 2321.
Total: 2.649400 ms (FindLiveObjects: 0.365900 ms CreateObjectMapping: 0.113500 ms MarkObjects: 2.062700 ms  DeleteObjects: 0.104800 ms)

========================================================================
Received Prepare
Registering precompiled user dll's ...
Registered in 0.001207 seconds.
Begin MonoManager ReloadAssembly
Native extension for WindowsStandalone target not found
Refreshing native plugins compatible for Editor in 0.55 ms, found 1 plugins.
Preloading 0 native plugins for Editor in 0.00 ms.
Mono: successfully reloaded assembly
- Completed reload, in  0.703 seconds
Platform modules already initialized, skipping
Refreshing native plugins compatible for Editor in 0.51 ms, found 1 plugins.
Preloading 0 native plugins for Editor in 0.00 ms.
Unloading 1804 Unused Serialized files (Serialized files now loaded: 0)
System memory in use before: 88.1 MB.
System memory in use after: 88.1 MB.

Unloading 12 unused Assets to reduce memory usage. Loaded Objects now: 2325.
Total: 2.309500 ms (FindLiveObjects: 0.311600 ms CreateObjectMapping: 0.103500 ms MarkObjects: 1.787700 ms  DeleteObjects: 0.104800 ms)

========================================================================
Received Prepare
Registering precompiled user dll's ...
Registered in 0.001165 seconds.
Begin MonoManager ReloadAssembly
Native extension for WindowsStandalone target not found
Refreshing native plugins compatible for Editor in 0.52 ms, found 1 plugins.
Preloading 0 native plugins for Editor in 0.00 ms.
Mono: successfully reloaded assembly
- Completed reload, in  0.696 seconds
Platform modules already initialized, skipping
Refreshing native plugins compatible for Editor in 0.51 ms, found 1 plugins.
Preloading 0 native plugins for Editor in 0.00 ms.
Unloading 1804 Unused Serialized files (Serialized files now loaded: 0)
System memory in use before: 88.1 MB.
System memory in use after: 88.1 MB.

Unloading 12 unused Assets to reduce memory usage. Loaded Objects now: 2329.
Total: 2.422300 ms (FindLiveObjects: 0.204000 ms CreateObjectMapping: 0.039100 ms MarkObjects: 2.064100 ms  DeleteObjects: 0.113800 ms)

========================================================================
Received Prepare
Registering precompiled user dll's ...
Registered in 0.001355 seconds.
Begin MonoManager ReloadAssembly
Native extension for WindowsStandalone target not found
Refreshing native plugins compatible for Editor in 0.61 ms, found 1 plugins.
Preloading 0 native plugins for Editor in 0.00 ms.
Mono: successfully reloaded assembly
- Completed reload, in  0.736 seconds
Platform modules already initialized, skipping
Refreshing native plugins compatible for Editor in 0.50 ms, found 1 plugins.
Preloading 0 native plugins for Editor in 0.00 ms.
Unloading 1804 Unused Serialized files (Serialized files now loaded: 0)
System memory in use before: 88.1 MB.
System memory in use after: 88.1 MB.

Unloading 12 unused Assets to reduce memory usage. Loaded Objects now: 2333.
Total: 2.533000 ms (FindLiveObjects: 0.216500 ms CreateObjectMapping: 0.045300 ms MarkObjects: 2.160300 ms  DeleteObjects: 0.109700 ms)

========================================================================
Received Prepare
Registering precompiled user dll's ...
Registered in 0.002738 seconds.
Begin MonoManager ReloadAssembly
Native extension for WindowsStandalone target not found
Refreshing native plugins compatible for Editor in 0.55 ms, found 1 plugins.
Preloading 0 native plugins for Editor in 0.00 ms.
Mono: successfully reloaded assembly
- Completed reload, in  0.849 seconds
Platform modules already initialized, skipping
Refreshing native plugins compatible for Editor in 0.76 ms, found 1 plugins.
Preloading 0 native plugins for Editor in 0.00 ms.
Unloading 1804 Unused Serialized files (Serialized files now loaded: 0)
System memory in use before: 88.1 MB.
System memory in use after: 88.1 MB.

Unloading 12 unused Assets to reduce memory usage. Loaded Objects now: 2337.
Total: 3.490500 ms (FindLiveObjects: 0.411700 ms CreateObjectMapping: 0.134000 ms MarkObjects: 2.753200 ms  DeleteObjects: 0.188200 ms)

========================================================================
Received Prepare
Registering precompiled user dll's ...
Registered in 0.003411 seconds.
Begin MonoManager ReloadAssembly
Native extension for WindowsStandalone target not found
Refreshing native plugins compatible for Editor in 0.77 ms, found 1 plugins.
Preloading 0 native plugins for Editor in 0.00 ms.
Mono: successfully reloaded assembly
- Completed reload, in  1.522 seconds
Platform modules already initialized, skipping
Refreshing native plugins compatible for Editor in 1.04 ms, found 1 plugins.
Preloading 0 native plugins for Editor in 0.00 ms.
Unloading 1804 Unused Serialized files (Serialized files now loaded: 0)
System memory in use before: 88.2 MB.
System memory in use after: 88.1 MB.

Unloading 12 unused Assets to reduce memory usage. Loaded Objects now: 2341.
Total: 4.424800 ms (FindLiveObjects: 0.361000 ms CreateObjectMapping: 0.110300 ms MarkObjects: 3.648800 ms  DeleteObjects: 0.302300 ms)

